<?xml version="1.0" encoding="UTF-8"?>
<testsuite name="JUnit Jupiter" tests="4" skipped="0" failures="0" errors="0" time="0.243" hostname="Caisse1" timestamp="2023-05-13T17:35:06">
<properties>
[...]
</properties>
<testcase name="generateWords(int)[1]" classname="cx.ksim.dicelock.DiceLockTest" time="0.092">
<system-out><![CDATA[
unique-id: [engine:junit-jupiter]/[class:cx.ksim.dicelock.DiceLockTest]/[test-template:generateWords(int)]/[test-template-invocation:#1]
display-name: Should generate 3 words.
]]></system-out>
</testcase>
<testcase name="generateWords(int)[2]" classname="cx.ksim.dicelock.DiceLockTest" time="0.024">
<system-out><![CDATA[
unique-id: [engine:junit-jupiter]/[class:cx.ksim.dicelock.DiceLockTest]/[test-template:generateWords(int)]/[test-template-invocation:#2]
display-name: Should generate 6 words.
]]></system-out>
</testcase>
<testcase name="generateWords(int)[3]" classname="cx.ksim.dicelock.DiceLockTest" time="0.015">
<system-out><![CDATA[
unique-id: [engine:junit-jupiter]/[class:cx.ksim.dicelock.DiceLockTest]/[test-template:generateWords(int)]/[test-template-invocation:#3]
display-name: Should generate 9 words.
]]></system-out>
</testcase>
<testcase name="test()" classname="cx.ksim.dicelock.DiceLockTest" time="0.041">
<system-out><![CDATA[
unique-id: [engine:junit-jupiter]/[class:cx.ksim.dicelock.DiceLockTest]/[method:test()]
display-name: test()
]]></system-out>
</testcase>
<system-out><![CDATA[
unique-id: [engine:junit-jupiter]
display-name: JUnit Jupiter
]]></system-out>
</testsuite>
